<?xml version="1.0" encoding="UTF-8"?>
<testng-results skipped="0" failed="0" total="1" passed="1">
  <reporter-output>
  </reporter-output>
  <suite name="Default suite" duration-ms="25390" started-at="2020-09-18T17:05:47Z" finished-at="2020-09-18T17:06:12Z">
    <groups>
    </groups>
    <test name="Default test" duration-ms="25390" started-at="2020-09-18T17:05:47Z" finished-at="2020-09-18T17:06:12Z">
      <class name="testscript.TestScript">
        <test-method status="PASS" signature="beforeTest()[pri:0, instance:testscript.TestScript@26653222]" name="beforeTest" is-config="true" duration-ms="14275" started-at="2020-09-18T22:35:47Z" finished-at="2020-09-18T22:36:01Z">
          <reporter-output>
          </reporter-output>
        </test-method> <!-- beforeTest -->
        <test-method status="PASS" signature="test(java.lang.String, java.lang.String, java.lang.String, java.lang.String)[pri:0, instance:testscript.TestScript@26653222]" name="test" duration-ms="8826" started-at="2020-09-18T22:36:02Z" data-provider="testdata" finished-at="2020-09-18T22:36:11Z">
          <params>
            <param index="0">
              <value>
                <![CDATA[Coimbatore]]>
              </value>
            </param>
            <param index="1">
              <value>
                <![CDATA[Chennai]]>
              </value>
            </param>
            <param index="2">
              <value>
                <![CDATA[Sept 2020]]>
              </value>
            </param>
            <param index="3">
              <value>
                <![CDATA[23]]>
              </value>
            </param>
          </params>
          <reporter-output>
          </reporter-output>
        </test-method> <!-- test -->
        <test-method status="PASS" signature="afterTest()[pri:0, instance:testscript.TestScript@26653222]" name="afterTest" is-config="true" duration-ms="1238" started-at="2020-09-18T22:36:11Z" finished-at="2020-09-18T22:36:12Z">
          <reporter-output>
          </reporter-output>
        </test-method> <!-- afterTest -->
      </class> <!-- testscript.TestScript -->
    </test> <!-- Default test -->
  </suite> <!-- Default suite -->
</testng-results>
